TN:
SF:/Users/nexxai/code/lighthouse-webdev/react/scheduler/scheduler/src/components/Application.js
FN:16,Application
FN:27,(anonymous_1)
FNF:2
FNH:2
FNDA:17,Application
FNDA:22,(anonymous_1)
DA:22,17
DA:24,17
DA:26,17
DA:28,22
DA:41,17
LF:5
LH:5
BRF:0
BRH:0
end_of_record
TN:
SF:/Users/nexxai/code/lighthouse-webdev/react/scheduler/scheduler/src/components/Button.js
FN:7,Button
FNF:1
FNH:1
FNDA:52,Button
DA:8,52
DA:13,52
LF:2
LH:2
BRF:0
BRH:0
end_of_record
TN:
SF:/Users/nexxai/code/lighthouse-webdev/react/scheduler/scheduler/src/components/DayList.js
FN:5,DayList
FN:6,(anonymous_1)
FNF:2
FNH:2
FNDA:17,DayList
FNDA:22,(anonymous_1)
DA:6,17
DA:7,22
DA:18,17
LF:3
LH:3
BRF:0
BRH:0
end_of_record
TN:
SF:/Users/nexxai/code/lighthouse-webdev/react/scheduler/scheduler/src/components/DayListItem.js
FN:6,formatSpots
FN:13,DayListItem
FN:22,(anonymous_2)
FNF:3
FNH:3
FNDA:22,formatSpots
FNDA:22,DayListItem
FNDA:1,(anonymous_2)
DA:7,22
DA:8,20
DA:10,0
DA:14,22
DA:19,22
DA:22,1
LF:6
LH:5
BRDA:7,0,0,2
BRDA:7,0,1,20
BRDA:8,1,0,20
BRDA:8,1,1,0
BRF:4
BRH:3
end_of_record
TN:
SF:/Users/nexxai/code/lighthouse-webdev/react/scheduler/scheduler/src/components/InterviewerList.js
FN:8,InterviewerList
FN:9,(anonymous_1)
FN:17,(anonymous_2)
FNF:3
FNH:3
FNDA:24,InterviewerList
FNDA:34,(anonymous_1)
FNDA:2,(anonymous_2)
DA:9,24
DA:10,34
DA:17,2
DA:22,24
DA:30,2
LF:5
LH:5
BRF:0
BRH:0
end_of_record
TN:
SF:/Users/nexxai/code/lighthouse-webdev/react/scheduler/scheduler/src/components/InterviewerListItem.js
FN:6,InterviewerItem
FNF:1
FNH:1
FNDA:34,InterviewerItem
DA:7,34
DA:11,34
LF:2
LH:2
BRDA:18,0,0,34
BRDA:18,0,1,10
BRF:2
BRH:2
end_of_record
TN:
SF:/Users/nexxai/code/lighthouse-webdev/react/scheduler/scheduler/src/components/Appointment/Confirm.js
FN:5,Confirm
FNF:1
FNH:1
FNDA:2,Confirm
DA:6,2
LF:1
LH:1
BRF:0
BRH:0
end_of_record
TN:
SF:/Users/nexxai/code/lighthouse-webdev/react/scheduler/scheduler/src/components/Appointment/Empty.js
FN:3,Empty
FNF:1
FNH:1
FNDA:26,Empty
DA:4,26
LF:1
LH:1
BRF:0
BRH:0
end_of_record
TN:
SF:/Users/nexxai/code/lighthouse-webdev/react/scheduler/scheduler/src/components/Appointment/Error.js
FN:3,Error
FNF:1
FNH:1
FNDA:2,Error
DA:4,2
LF:1
LH:1
BRF:0
BRH:0
end_of_record
TN:
SF:/Users/nexxai/code/lighthouse-webdev/react/scheduler/scheduler/src/components/Appointment/Form.js
FN:6,Form
FN:11,reset
FN:17,cancel
FN:22,validate
FN:40,(anonymous_4)
FN:47,(anonymous_5)
FNF:6
FNH:5
FNDA:24,Form
FNDA:1,reset
FNDA:1,cancel
FNDA:9,validate
FNDA:0,(anonymous_4)
FNDA:6,(anonymous_5)
DA:7,24
DA:8,24
DA:9,24
DA:12,1
DA:13,1
DA:14,1
DA:18,1
DA:19,1
DA:23,9
DA:24,2
DA:25,2
DA:28,7
DA:29,2
DA:30,2
DA:33,5
DA:34,5
DA:37,24
DA:40,0
DA:48,6
LF:19
LH:18
BRDA:7,0,0,24
BRDA:7,0,1,13
BRDA:8,1,0,24
BRDA:8,1,1,16
BRDA:23,2,0,2
BRDA:23,2,1,7
BRDA:28,3,0,2
BRDA:28,3,1,5
BRF:8
BRH:8
end_of_record
TN:
SF:/Users/nexxai/code/lighthouse-webdev/react/scheduler/scheduler/src/components/Appointment/Header.js
FN:3,Header
FNF:1
FNH:1
FNDA:57,Header
DA:4,57
LF:1
LH:1
BRF:0
BRH:0
end_of_record
TN:
SF:/Users/nexxai/code/lighthouse-webdev/react/scheduler/scheduler/src/components/Appointment/Show.js
FN:3,Show
FNF:1
FNH:1
FNDA:13,Show
DA:4,13
LF:1
LH:1
BRDA:11,0,0,13
BRDA:11,0,1,13
BRF:2
BRH:2
end_of_record
TN:
SF:/Users/nexxai/code/lighthouse-webdev/react/scheduler/scheduler/src/components/Appointment/Status.js
FN:3,Status
FNF:1
FNH:1
FNDA:10,Status
DA:4,10
LF:1
LH:1
BRF:0
BRH:0
end_of_record
TN:
SF:/Users/nexxai/code/lighthouse-webdev/react/scheduler/scheduler/src/components/Appointment/index.js
FN:26,Appointment
FN:31,save
FN:41,(anonymous_2)
FN:42,(anonymous_3)
FN:45,destroy
FN:49,(anonymous_5)
FN:50,(anonymous_6)
FN:56,(anonymous_7)
FN:61,(anonymous_8)
FN:62,(anonymous_9)
FNF:10
FNH:10
FNDA:57,Appointment
FNDA:4,save
FNDA:3,(anonymous_2)
FNDA:1,(anonymous_3)
FNDA:2,destroy
FNDA:1,(anonymous_5)
FNDA:1,(anonymous_6)
FNDA:2,(anonymous_7)
FNDA:2,(anonymous_8)
FNDA:2,(anonymous_9)
DA:16,1
DA:17,1
DA:18,1
DA:19,1
DA:20,1
DA:21,1
DA:22,1
DA:23,1
DA:24,1
DA:27,57
DA:32,4
DA:37,4
DA:39,4
DA:41,3
DA:42,1
DA:46,2
DA:47,2
DA:49,1
DA:50,1
DA:53,57
DA:56,2
DA:61,2
DA:62,2
LF:23
LH:23
BRDA:28,0,0,26
BRDA:28,0,1,31
BRDA:56,1,0,57
BRDA:56,1,1,26
BRDA:57,2,0,57
BRDA:57,2,1,13
BRDA:65,3,0,57
BRDA:65,3,1,2
BRDA:68,4,0,57
BRDA:68,4,1,2
BRDA:77,5,0,57
BRDA:77,5,1,7
BRDA:78,6,0,57
BRDA:78,6,1,3
BRDA:79,7,0,57
BRDA:79,7,1,2
BRDA:86,8,0,57
BRDA:86,8,1,1
BRDA:89,9,0,57
BRDA:89,9,1,1
BRF:20
BRH:20
end_of_record
TN:
SF:/Users/nexxai/code/lighthouse-webdev/react/scheduler/scheduler/src/helpers/selectors.js
FN:1,getAppointmentsForDay
FN:2,(anonymous_1)
FN:6,(anonymous_2)
FN:9,getInterviewersForDay
FN:10,(anonymous_4)
FN:14,(anonymous_5)
FN:17,getInterview
FNF:7
FNH:7
FNDA:22,getAppointmentsForDay
FNDA:18,(anonymous_1)
FNDA:30,(anonymous_2)
FNDA:22,getInterviewersForDay
FNDA:18,(anonymous_4)
FNDA:28,(anonymous_5)
FNDA:24,getInterview
DA:2,22
DA:4,22
DA:6,30
DA:10,22
DA:12,22
DA:14,28
DA:18,24
LF:7
LH:7
BRDA:4,0,0,8
BRDA:4,0,1,14
BRDA:4,1,0,22
BRDA:4,1,1,15
BRDA:12,2,0,8
BRDA:12,2,1,14
BRDA:12,3,0,22
BRDA:12,3,1,15
BRDA:19,4,0,24
BRDA:19,4,1,14
BRF:10
BRH:10
end_of_record
TN:
SF:/Users/nexxai/code/lighthouse-webdev/react/scheduler/scheduler/src/hooks/useApplicationData.js
FN:13,useApplicationData
FN:21,(anonymous_1)
FN:23,(anonymous_2)
FN:29,(anonymous_3)
FN:41,bookInterview
FN:42,(anonymous_5)
FN:51,cancelInterview
FN:52,(anonymous_7)
FNF:8
FNH:8
FNDA:17,useApplicationData
FNDA:1,(anonymous_1)
FNDA:6,(anonymous_2)
FNDA:6,(anonymous_3)
FNDA:4,bookInterview
FNDA:3,(anonymous_5)
FNDA:2,cancelInterview
FNDA:1,(anonymous_7)
DA:14,17
DA:21,17
DA:23,17
DA:24,6
DA:30,6
DA:39,17
DA:42,4
DA:43,3
DA:52,2
DA:53,1
DA:61,17
LF:11
LH:11
BRF:0
BRH:0
end_of_record
TN:
SF:/Users/nexxai/code/lighthouse-webdev/react/scheduler/scheduler/src/hooks/useRealtimeUpdate.js
FN:4,useRealtimeUpdate
FN:5,(anonymous_1)
FN:8,(anonymous_2)
FN:16,(anonymous_3)
FNF:4
FNH:3
FNDA:17,useRealtimeUpdate
FNDA:6,(anonymous_1)
FNDA:0,(anonymous_2)
FNDA:6,(anonymous_3)
DA:5,17
DA:6,6
DA:8,6
DA:9,0
DA:11,0
DA:12,0
DA:16,6
DA:17,6
LF:8
LH:5
BRDA:11,0,0,0
BRDA:11,0,1,0
BRDA:11,1,0,0
BRDA:11,1,1,0
BRF:4
BRH:0
end_of_record
TN:
SF:/Users/nexxai/code/lighthouse-webdev/react/scheduler/scheduler/src/hooks/useVisualMode.js
FN:3,useVisualMode
FN:6,(anonymous_1)
FN:7,(anonymous_2)
FN:15,(anonymous_3)
FN:17,(anonymous_4)
FNF:5
FNH:5
FNDA:70,useVisualMode
FNDA:23,(anonymous_1)
FNDA:23,(anonymous_2)
FNDA:4,(anonymous_3)
FNDA:3,(anonymous_4)
DA:4,70
DA:6,70
DA:7,23
DA:8,23
DA:9,5
DA:11,18
DA:15,70
DA:16,4
DA:17,3
DA:21,70
LF:10
LH:10
BRDA:6,0,0,18
BRDA:8,1,0,5
BRDA:8,1,1,18
BRDA:16,2,0,3
BRDA:16,2,1,1
BRF:5
BRH:5
end_of_record
TN:
SF:/Users/nexxai/code/lighthouse-webdev/react/scheduler/scheduler/src/reducers/application.js
FN:5,reducer
FN:27,(anonymous_1)
FN:30,(anonymous_2)
FN:34,(anonymous_3)
FNF:4
FNH:4
FNDA:12,reducer
FNDA:4,(anonymous_1)
FNDA:8,(anonymous_2)
FNDA:8,(anonymous_3)
DA:1,2
DA:2,2
DA:3,2
DA:6,12
DA:8,1
DA:10,6
DA:17,4
DA:22,4
DA:27,4
DA:28,4
DA:30,8
DA:34,4
DA:35,8
DA:43,4
DA:50,1
LF:15
LH:15
BRDA:6,0,0,1
BRDA:6,0,1,6
BRDA:6,0,2,4
BRDA:6,0,3,1
BRDA:19,1,0,4
BRDA:19,1,1,3
BRDA:30,2,0,6
BRDA:30,2,1,2
BRDA:35,3,0,4
BRDA:35,3,1,4
BRF:10
BRH:10
end_of_record
